<?xml version="1.0" encoding="UTF-8"?>
<testng-results ignored="1" total="2" passed="1" failed="0" skipped="0">
  <reporter-output>
  </reporter-output>
  <suite started-at="2025-04-19T10:54:49 GMT+03:00" name="Default suite" finished-at="2025-04-19T10:54:52 GMT+03:00" duration-ms="2730">
    <groups>
    </groups>
    <test started-at="2025-04-19T10:54:49 GMT+03:00" name="Default test" finished-at="2025-04-19T10:54:52 GMT+03:00" duration-ms="2730">
      <class name="Practice">
        <test-method is-config="true" signature="mySetup()[pri:0, instance:Practice@18920cc]" started-at="2025-04-19T10:54:49 GMT+03:00" name="mySetup" finished-at="2025-04-19T10:54:51 GMT+03:00" duration-ms="1637" status="PASS">
          <reporter-output>
          </reporter-output>
        </test-method> <!-- mySetup -->
        <test-method signature="FillingtheInputFields()[pri:0, instance:Practice@18920cc]" started-at="2025-04-19T10:54:51 GMT+03:00" name="FillingtheInputFields" finished-at="2025-04-19T10:54:52 GMT+03:00" duration-ms="1024" status="PASS">
          <reporter-output>
          </reporter-output>
        </test-method> <!-- FillingtheInputFields -->
      </class> <!-- Practice -->
    </test> <!-- Default test -->
  </suite> <!-- Default suite -->
</testng-results>
